<?xml version="1.0" encoding="UTF-8"?>
<testsuite xmlns:xsi="http://www.w3.org/2001/XMLSchema-instance" xsi:noNamespaceSchemaLocation="https://maven.apache.org/surefire/maven-surefire-plugin/xsd/surefire-test-report-3.0.xsd" version="3.0" name="com.bank.simulator.validation.CustomerValidatorTest" time="0.015" tests="15" errors="0" skipped="0" failures="0">
  <properties>
[...]
</properties>
  <testcase name="testPhoneTooShort" classname="com.bank.simulator.validation.CustomerValidatorTest" time="0.0"/>
  <testcase name="testInvalidEmailFormat" classname="com.bank.simulator.validation.CustomerValidatorTest" time="0.0"/>
  <testcase name="testValidAddress" classname="com.bank.simulator.validation.CustomerValidatorTest" time="0.001"/>
  <testcase name="testValidEmail" classname="com.bank.simulator.validation.CustomerValidatorTest" time="0.001"/>
  <testcase name="testEmptyName" classname="com.bank.simulator.validation.CustomerValidatorTest" time="0.001"/>
  <testcase name="testPhoneTooLong" classname="com.bank.simulator.validation.CustomerValidatorTest" time="0.0"/>
  <testcase name="testNameWithNumbers" classname="com.bank.simulator.validation.CustomerValidatorTest" time="0.0"/>
  <testcase name="testValidName" classname="com.bank.simulator.validation.CustomerValidatorTest" time="0.001"/>
  <testcase name="testValidPhoneNumber" classname="com.bank.simulator.validation.CustomerValidatorTest" time="0.001"/>
  <testcase name="testInvalidPhoneNumber" classname="com.bank.simulator.validation.CustomerValidatorTest" time="0.001"/>
  <testcase name="testFutureDateOfBirth" classname="com.bank.simulator.validation.CustomerValidatorTest" time="0.001"/>
  <testcase name="testValidDateOfBirth" classname="com.bank.simulator.validation.CustomerValidatorTest" time="0.001"/>
  <testcase name="testInvalidAadharLength" classname="com.bank.simulator.validation.CustomerValidatorTest" time="0.001"/>
  <testcase name="testValidAadhar" classname="com.bank.simulator.validation.CustomerValidatorTest" time="0.0"/>
  <testcase name="testPhoneStartsWithZero" classname="com.bank.simulator.validation.CustomerValidatorTest" time="0.0"/>
</testsuite>